<?xml version="1.0" encoding="UTF-8"?>
<!-- Generated by org.testng.reporters.JUnitXMLReporter -->
<testsuite ignored="0" hostname="MacBook-Air-Ruslan.local" failures="3" tests="36" name="/Users/ruslanfursa/IdeaProjects/Orange" time="486.433" errors="0" timestamp="2023-10-27T15:09:23 MSK">
  <testcase classname="runner.DashboardTest" name="testDashboardSheetsNames" time="30.596"/>
  <testcase classname="runner.DashboardTest" name="testDashboardSheetsNames" time="9.295"/>
  <testcase classname="runner.DashboardTest" name="testDashboardSheetsNames" time="5.769"/>
  <testcase classname="runner.DashboardTest" name="testDashboardSheetsNames" time="6.552"/>
  <testcase classname="runner.DashboardTest" name="testDashboardSheetsNames" time="7.384"/>
  <testcase classname="runner.DashboardTest" name="testDashboardSheetsNames" time="4.238"/>
  <testcase classname="runner.DashboardTest" name="testDashboardSheetsNames" time="4.76"/>
  <testcase classname="runner.DashboardTest" name="testQuestionIcon" time="6.63"/>
  <testcase classname="runner.DashboardTest" name="testOrangeLinkInFooter" time="32.347"/>
  <testcase classname="runner.DashboardTest" name="testSearchInSidebarMenu" time="9.604"/>
  <testcase classname="runner.DashboardTest" name="testSearchInSidebarMenu" time="7.554"/>
  <testcase classname="runner.DashboardTest" name="testSearchInSidebarMenu" time="4.444"/>
  <testcase classname="runner.DashboardTest" name="testTransitionToAdminPage" time="10.269"/>
  <testcase classname="runner.DashboardTest" name="testTransitionToPIMpage" time="11.559"/>
  <testcase classname="runner.DashboardTest" name="testTransitionToLeavePage" time="10.317"/>
  <testcase classname="runner.DashboardTest" name="testTransitionToTimePage" time="6.292"/>
  <testcase classname="runner.DashboardTest" name="testTransitionToRecruitmentPage" time="7.099"/>
  <testcase classname="runner.DashboardTest" name="testTransitionToMyInfoPage" time="8.169"/>
  <testcase classname="runner.DashboardTest" name="testTransitionToPerformancePage" time="7.209"/>
  <testcase classname="runner.DashboardTest" name="testTransitionToDashboardPage" time="12.838"/>
  <testcase classname="runner.DashboardTest" name="testTransitionToDirectoryPage" time="7.472"/>
  <testcase classname="runner.DashboardTest" name="testTransitionToMaintenancePage" time="7.995"/>
  <testcase classname="runner.DashboardTest" name="testTransitionToClaimPage" time="10.362"/>
  <testcase classname="runner.DashboardTest" name="testTransitionToBuzzPage" time="13.314"/>
  <testcase classname="runner.LoginTest" name="testLoginWithValidCredentials" time="26.554"/>
  <testcase classname="runner.LoginTest" name="testLoginWithInvalidUsername" time="2.572"/>
  <testcase classname="runner.LoginTest" name="testLoginWithInvalidPassword" time="2.527"/>
  <testcase classname="runner.LoginTest" name="testLoginWithoutFillingInUserNameAndPasswordFields" time="0.942"/>
  <testcase classname="runner.LoginTest" name="testForgotYourPassword" time="2.199"/>
  <testcase classname="runner.LoginTest" name="testTransitionToLinkedinPage" time="1.763"/>
  <testcase classname="runner.LoginTest" name="testTransitionToFacebookPage" time="1.33"/>
  <testcase classname="runner.LoginTest" name="testTransitionToTwitterPage" time="1.224"/>
  <testcase classname="runner.LoginTest" name="testTransitionToYoutubePage" time="20.479"/>
  <testcase classname="runner.PimTest" name="testAddEmployee" time="36.527">
    <failure type="java.lang.AssertionError" message="expected [true] but found [false]">
      <![CDATA[java.lang.AssertionError: expected [true] but found [false]
at org.testng.Assert.fail(Assert.java:110)
at org.testng.Assert.failNotEquals(Assert.java:1577)
at org.testng.Assert.assertTrue(Assert.java:56)
at org.testng.Assert.assertTrue(Assert.java:66)
at runner.PimTest.testAddEmployee(PimTest.java:22)
at java.base/jdk.internal.reflect.DirectMethodHandleAccessor.invoke(DirectMethodHandleAccessor.java:104)
at java.base/java.lang.reflect.Method.invoke(Method.java:578)
at org.testng.internal.invokers.MethodInvocationHelper.invokeMethod(MethodInvocationHelper.java:139)
at org.testng.internal.invokers.TestInvoker.invokeMethod(TestInvoker.java:677)
at org.testng.internal.invokers.TestInvoker.invokeTestMethod(TestInvoker.java:221)
at org.testng.internal.invokers.MethodRunner.runInSequence(MethodRunner.java:50)
at org.testng.internal.invokers.TestInvoker$MethodInvocationAgent.invoke(TestInvoker.java:969)
at org.testng.internal.invokers.TestInvoker.invokeTestMethods(TestInvoker.java:194)
at org.testng.internal.invokers.TestMethodWorker.invokeTestMethods(TestMethodWorker.java:148)
at org.testng.internal.invokers.TestMethodWorker.run(TestMethodWorker.java:128)
at java.base/java.util.concurrent.ThreadPoolExecutor.runWorker(ThreadPoolExecutor.java:1144)
at java.base/java.util.concurrent.ThreadPoolExecutor$Worker.run(ThreadPoolExecutor.java:642)
at java.base/java.lang.Thread.run(Thread.java:1589)
]]>
    </failure>
  </testcase> <!-- testAddEmployee -->
  <testcase classname="runner.LeaveTest" name="testRenameHoliday" time="36.161">
    <failure type="org.openqa.selenium.TimeoutException" message="Expected condition failed: waiting for visibility of Proxy element for: DefaultElementLocator &amp;apos;By.xpath: //span[text() = &amp;apos;Configure &amp;apos;]&amp;apos; (tried for 10 second(s) with 500 milliseconds interval)">
      <![CDATA[org.openqa.selenium.TimeoutException: Expected condition failed: waiting for visibility of Proxy element for: DefaultElementLocator 'By.xpath: //span[text() = 'Configure ']' (tried for 10 second(s) with 500 milliseconds interval)
at org.openqa.selenium.support.ui.WebDriverWait.timeoutException(WebDriverWait.java:84)
at org.openqa.selenium.support.ui.FluentWait.until(FluentWait.java:230)
at model.page.LeavePage.clickConfigureTab(LeavePage.java:51)
at runner.LeaveTest.testRenameHoliday(LeaveTest.java:17)
at java.base/jdk.internal.reflect.DirectMethodHandleAccessor.invoke(DirectMethodHandleAccessor.java:104)
at java.base/java.lang.reflect.Method.invoke(Method.java:578)
at org.testng.internal.invokers.MethodInvocationHelper.invokeMethod(MethodInvocationHelper.java:139)
at org.testng.internal.invokers.TestInvoker.invokeMethod(TestInvoker.java:677)
at org.testng.internal.invokers.TestInvoker.invokeTestMethod(TestInvoker.java:221)
at org.testng.internal.invokers.MethodRunner.runInSequence(MethodRunner.java:50)
at org.testng.internal.invokers.TestInvoker$MethodInvocationAgent.invoke(TestInvoker.java:969)
at org.testng.internal.invokers.TestInvoker.invokeTestMethods(TestInvoker.java:194)
at org.testng.internal.invokers.TestMethodWorker.invokeTestMethods(TestMethodWorker.java:148)
at org.testng.internal.invokers.TestMethodWorker.run(TestMethodWorker.java:128)
at java.base/java.util.concurrent.ThreadPoolExecutor.runWorker(ThreadPoolExecutor.java:1144)
at java.base/java.util.concurrent.ThreadPoolExecutor$Worker.run(ThreadPoolExecutor.java:642)
at java.base/java.lang.Thread.run(Thread.java:1589)
Caused by: org.openqa.selenium.NoSuchElementException: no such element: Unable to locate element: {"method":"xpath","selector":"//span[text() = 'Configure ']"}
  (Session info: headless chrome=118.0.5993.117)
For documentation on this error, please visit: https://www.selenium.dev/documentation/webdriver/troubleshooting/errors#no-such-element-exception
Build info: version: '4.14.1', revision: '03f8ede370'
System info: os.name: 'Mac OS X', os.arch: 'x86_64', os.version: '14.0', java.version: '19.0.2'
Driver info: org.openqa.selenium.chrome.ChromeDriver
Command: [b87b99ccef4c4ec0897f309a10c32c90, findElement {using=xpath, value=//span[text() = 'Configure ']}]
Capabilities {acceptInsecureCerts: false, browserName: chrome, browserVersion: 118.0.5993.117, chrome: {chromedriverVersion: 118.0.5993.70 (e52f33f30b91..., userDataDir: /var/folders/_p/m636hhn95hb...}, fedcm:accounts: true, goog:chromeOptions: {debuggerAddress: localhost:52783}, networkConnectionEnabled: false, pageLoadStrategy: normal, platformName: mac, proxy: Proxy(), se:cdp: ws://localhost:52783/devtoo..., se:cdpVersion: 118.0.5993.117, setWindowRect: true, strictFileInteractability: false, timeouts: {implicit: 0, pageLoad: 300000, script: 30000}, unhandledPromptBehavior: dismiss and notify, webauthn:extension:credBlob: true, webauthn:extension:largeBlob: true, webauthn:extension:minPinLength: true, webauthn:extension:prf: true, webauthn:virtualAuthenticators: true}
Session ID: b87b99ccef4c4ec0897f309a10c32c90
at java.base/jdk.internal.reflect.DirectConstructorHandleAccessor.newInstance(DirectConstructorHandleAccessor.java:67)
at java.base/java.lang.reflect.Constructor.newInstanceWithCaller(Constructor.java:500)
at java.base/java.lang.reflect.Constructor.newInstance(Constructor.java:484)
at org.openqa.selenium.remote.codec.w3c.W3CHttpResponseCodec.createException(W3CHttpResponseCodec.java:200)
at org.openqa.selenium.remote.codec.w3c.W3CHttpResponseCodec.decode(W3CHttpResponseCodec.java:133)
at org.openqa.selenium.remote.codec.w3c.W3CHttpResponseCodec.decode(W3CHttpResponseCodec.java:52)
at org.openqa.selenium.remote.HttpCommandExecutor.execute(HttpCommandExecutor.java:191)
at org.openqa.selenium.remote.service.DriverCommandExecutor.invokeExecute(DriverCommandExecutor.java:200)
at org.openqa.selenium.remote.service.DriverCommandExecutor.execute(DriverCommandExecutor.java:175)
at org.openqa.selenium.remote.RemoteWebDriver.execute(RemoteWebDriver.java:602)
at org.openqa.selenium.remote.ElementLocation$ElementFinder$2.findElement(ElementLocation.java:165)
at org.openqa.selenium.remote.ElementLocation.findElement(ElementLocation.java:59)
at org.openqa.selenium.remote.RemoteWebDriver.findElement(RemoteWebDriver.java:359)
at org.openqa.selenium.remote.RemoteWebDriver.findElement(RemoteWebDriver.java:353)
at org.openqa.selenium.support.pagefactory.DefaultElementLocator.findElement(DefaultElementLocator.java:68)
at org.openqa.selenium.support.pagefactory.internal.LocatingElementHandler.invoke(LocatingElementHandler.java:38)
at jdk.proxy2/jdk.proxy2.$Proxy17.isDisplayed(Unknown Source)
at org.openqa.selenium.support.ui.ExpectedConditions.elementIfVisible(ExpectedConditions.java:304)
at org.openqa.selenium.support.ui.ExpectedConditions$10.apply(ExpectedConditions.java:290)
at org.openqa.selenium.support.ui.ExpectedConditions$10.apply(ExpectedConditions.java:287)
at org.openqa.selenium.support.ui.FluentWait.until(FluentWait.java:205)
... 15 more
]]>
    </failure>
  </testcase> <!-- testRenameHoliday -->
  <testcase classname="runner.TimeTest" name="testToggles" time="36.963">
    <failure type="java.lang.AssertionError" message="expected [true] but found [false]">
      <![CDATA[java.lang.AssertionError: expected [true] but found [false]
at org.testng.Assert.fail(Assert.java:110)
at org.testng.Assert.failNotEquals(Assert.java:1577)
at org.testng.Assert.assertTrue(Assert.java:56)
at org.testng.Assert.assertTrue(Assert.java:66)
at runner.TimeTest.testToggles(TimeTest.java:22)
at java.base/jdk.internal.reflect.DirectMethodHandleAccessor.invoke(DirectMethodHandleAccessor.java:104)
at java.base/java.lang.reflect.Method.invoke(Method.java:578)
at org.testng.internal.invokers.MethodInvocationHelper.invokeMethod(MethodInvocationHelper.java:139)
at org.testng.internal.invokers.TestInvoker.invokeMethod(TestInvoker.java:677)
at org.testng.internal.invokers.TestInvoker.invokeTestMethod(TestInvoker.java:221)
at org.testng.internal.invokers.MethodRunner.runInSequence(MethodRunner.java:50)
at org.testng.internal.invokers.TestInvoker$MethodInvocationAgent.invoke(TestInvoker.java:969)
at org.testng.internal.invokers.TestInvoker.invokeTestMethods(TestInvoker.java:194)
at org.testng.internal.invokers.TestMethodWorker.invokeTestMethods(TestMethodWorker.java:148)
at org.testng.internal.invokers.TestMethodWorker.run(TestMethodWorker.java:128)
at java.base/java.util.concurrent.ThreadPoolExecutor.runWorker(ThreadPoolExecutor.java:1144)
at java.base/java.util.concurrent.ThreadPoolExecutor$Worker.run(ThreadPoolExecutor.java:642)
at java.base/java.lang.Thread.run(Thread.java:1589)
]]>
    </failure>
  </testcase> <!-- testToggles -->
</testsuite> <!-- /Users/ruslanfursa/IdeaProjects/Orange -->
