<?xml version="1.0" encoding="UTF-8"?>
<!-- Generated by org.testng.reporters.JUnitReportReporter -->
<testsuite hostname="MacBook-Air-Ruslan.local" failures="0" tests="24" name="runner.DashboardTest" time="336.228" errors="1" timestamp="2023-10-18T15:27:49 MSK" skipped="0">
  <testcase classname="runner.DashboardTest" name="testDashboardSheetsNames" time="7.103"/>
  <system-out/>
  <testcase classname="runner.DashboardTest" name="testDashboardSheetsNames" time="62.654"/>
  <system-out/>
  <testcase classname="runner.DashboardTest" name="testTransitionToClaimPage" time="12.752"/>
  <system-out/>
  <testcase classname="runner.DashboardTest" name="testOrangeLinkInFooter" time="34.458"/>
  <system-out/>
  <testcase classname="runner.DashboardTest" name="testDashboardSheetsNames" time="5.209"/>
  <system-out/>
  <testcase classname="runner.DashboardTest" name="testTransitionToRecruitmentPage" time="12.474"/>
  <system-out/>
  <testcase classname="runner.DashboardTest" name="testDashboardSheetsNames" time="6.867"/>
  <system-out/>
  <testcase classname="runner.DashboardTest" name="testTransitionToMaintenancePage" time="10.360"/>
  <system-out/>
  <testcase classname="runner.DashboardTest" name="testTransitionToPerformancePage" time="10.584"/>
  <system-out/>
  <testcase classname="runner.DashboardTest" name="testTransitionToAdminPage" time="13.047"/>
  <system-out/>
  <testcase classname="runner.DashboardTest" name="testSearchInSidebarMenu" time="10.252"/>
  <system-out/>
  <testcase classname="runner.DashboardTest" name="testDashboardSheetsNames" time="9.693"/>
  <system-out/>
  <testcase classname="runner.DashboardTest" name="testSearchInSidebarMenu" time="5.998"/>
  <system-out/>
  <testcase classname="runner.DashboardTest" name="testSearchInSidebarMenu" time="6.858"/>
  <system-out/>
  <testcase classname="runner.DashboardTest" name="testTransitionToDirectoryPage" time="11.707"/>
  <system-out/>
  <testcase classname="runner.DashboardTest" name="testTransitionToBuzzPage" time="12.615"/>
  <system-out/>
  <testcase classname="runner.DashboardTest" name="testDashboardSheetsNames" time="22.482">
    <error message="Expected condition failed: waiting for visibility of Proxy element for: DefaultElementLocator &#039;By.xpath: //input[@name = &#039;username&#039;]&#039; (tried for 20 second(s) with 500 milliseconds interval)" type="org.openqa.selenium.TimeoutException">
      <![CDATA[org.openqa.selenium.TimeoutException: Expected condition failed: waiting for visibility of Proxy element for: DefaultElementLocator 'By.xpath: //input[@name = 'username']' (tried for 20 second(s) with 500 milliseconds interval)
at org.openqa.selenium.support.ui.WebDriverWait.timeoutException(WebDriverWait.java:84)
at org.openqa.selenium.support.ui.FluentWait.until(FluentWait.java:230)
at model.page.LoginPage.fillInValidUserName(LoginPage.java:53)
at model.page.LoginPage.login(LoginPage.java:131)
at runner.DashboardTest.testDashboardSheetsNames(DashboardTest.java:26)
at java.base/jdk.internal.reflect.DirectMethodHandleAccessor.invoke(DirectMethodHandleAccessor.java:104)
at java.base/java.lang.reflect.Method.invoke(Method.java:578)
at org.testng.internal.invokers.MethodInvocationHelper.invokeMethod(MethodInvocationHelper.java:139)
at org.testng.internal.invokers.TestInvoker.invokeMethod(TestInvoker.java:677)
at org.testng.internal.invokers.TestInvoker.invokeTestMethod(TestInvoker.java:221)
at org.testng.internal.invokers.MethodRunner.runInSequence(MethodRunner.java:50)
at org.testng.internal.invokers.TestInvoker$MethodInvocationAgent.invoke(TestInvoker.java:969)
at org.testng.internal.invokers.TestInvoker.invokeTestMethods(TestInvoker.java:194)
at org.testng.internal.invokers.TestMethodWorker.invokeTestMethods(TestMethodWorker.java:148)
at org.testng.internal.invokers.TestMethodWorker.run(TestMethodWorker.java:128)
at java.base/java.util.concurrent.ThreadPoolExecutor.runWorker(ThreadPoolExecutor.java:1144)
at java.base/java.util.concurrent.ThreadPoolExecutor$Worker.run(ThreadPoolExecutor.java:642)
at java.base/java.lang.Thread.run(Thread.java:1589)
Caused by: org.openqa.selenium.NoSuchElementException: no such element: Unable to locate element: {"method":"xpath","selector":"//input[@name = 'username']"}
  (Session info: headless chrome=118.0.5993.70)
For documentation on this error, please visit: https://www.selenium.dev/documentation/webdriver/troubleshooting/errors#no-such-element-exception
Build info: version: '4.14.1', revision: '03f8ede370'
System info: os.name: 'Mac OS X', os.arch: 'x86_64', os.version: '14.0', java.version: '19.0.2'
Driver info: org.openqa.selenium.chrome.ChromeDriver
Command: [04db576889998547341476774802a44e, findElement {using=xpath, value=//input[@name = 'username']}]
Capabilities {acceptInsecureCerts: false, browserName: chrome, browserVersion: 118.0.5993.70, chrome: {chromedriverVersion: 118.0.5993.70 (e52f33f30b91..., userDataDir: /var/folders/_p/m636hhn95hb...}, fedcm:accounts: true, goog:chromeOptions: {debuggerAddress: localhost:49530}, networkConnectionEnabled: false, pageLoadStrategy: normal, platformName: mac, proxy: Proxy(), se:cdp: ws://localhost:49530/devtoo..., se:cdpVersion: 118.0.5993.70, setWindowRect: true, strictFileInteractability: false, timeouts: {implicit: 0, pageLoad: 300000, script: 30000}, unhandledPromptBehavior: dismiss and notify, webauthn:extension:credBlob: true, webauthn:extension:largeBlob: true, webauthn:extension:minPinLength: true, webauthn:extension:prf: true, webauthn:virtualAuthenticators: true}
Session ID: 04db576889998547341476774802a44e
at java.base/jdk.internal.reflect.DirectConstructorHandleAccessor.newInstance(DirectConstructorHandleAccessor.java:67)
at java.base/java.lang.reflect.Constructor.newInstanceWithCaller(Constructor.java:500)
at java.base/java.lang.reflect.Constructor.newInstance(Constructor.java:484)
at org.openqa.selenium.remote.codec.w3c.W3CHttpResponseCodec.createException(W3CHttpResponseCodec.java:200)
at org.openqa.selenium.remote.codec.w3c.W3CHttpResponseCodec.decode(W3CHttpResponseCodec.java:133)
at org.openqa.selenium.remote.codec.w3c.W3CHttpResponseCodec.decode(W3CHttpResponseCodec.java:52)
at org.openqa.selenium.remote.HttpCommandExecutor.execute(HttpCommandExecutor.java:191)
at org.openqa.selenium.remote.service.DriverCommandExecutor.invokeExecute(DriverCommandExecutor.java:200)
at org.openqa.selenium.remote.service.DriverCommandExecutor.execute(DriverCommandExecutor.java:175)
at org.openqa.selenium.remote.RemoteWebDriver.execute(RemoteWebDriver.java:602)
at org.openqa.selenium.remote.ElementLocation$ElementFinder$2.findElement(ElementLocation.java:165)
at org.openqa.selenium.remote.ElementLocation.findElement(ElementLocation.java:59)
at org.openqa.selenium.remote.RemoteWebDriver.findElement(RemoteWebDriver.java:359)
at org.openqa.selenium.remote.RemoteWebDriver.findElement(RemoteWebDriver.java:353)
at org.openqa.selenium.support.pagefactory.DefaultElementLocator.findElement(DefaultElementLocator.java:68)
at org.openqa.selenium.support.pagefactory.internal.LocatingElementHandler.invoke(LocatingElementHandler.java:38)
at jdk.proxy2/jdk.proxy2.$Proxy17.isDisplayed(Unknown Source)
at org.openqa.selenium.support.ui.ExpectedConditions.elementIfVisible(ExpectedConditions.java:304)
at org.openqa.selenium.support.ui.ExpectedConditions$10.apply(ExpectedConditions.java:290)
at org.openqa.selenium.support.ui.ExpectedConditions$10.apply(ExpectedConditions.java:287)
at org.openqa.selenium.support.ui.FluentWait.until(FluentWait.java:205)
... 16 more
]]>
    </error>
  </testcase> <!-- testDashboardSheetsNames -->
  <system-out/>
  <testcase classname="runner.DashboardTest" name="testTransitionToTimePage" time="10.717"/>
  <system-out/>
  <testcase classname="runner.DashboardTest" name="testTransitionToLeavePage" time="10.565"/>
  <system-out/>
  <testcase classname="runner.DashboardTest" name="testTransitionToDashboardPage" time="9.163"/>
  <system-out/>
  <testcase classname="runner.DashboardTest" name="testQuestionIcon" time="17.633"/>
  <system-out/>
  <testcase classname="runner.DashboardTest" name="testDashboardSheetsNames" time="11.770"/>
  <system-out/>
  <testcase classname="runner.DashboardTest" name="testTransitionToMyInfoPage" time="7.720"/>
  <system-out/>
  <testcase classname="runner.DashboardTest" name="testTransitionToPIMpage" time="13.547"/>
  <system-out/>
</testsuite> <!-- runner.DashboardTest -->
